Run ulimit -n 4096
starting test with SKIP_BUILD="" and DO_VALIDATE=""
Running test with user root
-- The C compiler identification is GNU 11.4.0
-- The CXX compiler identification is GNU 11.4.0
-- Detecting C compiler ABI info
-- Detecting C compiler ABI info - done
-- Check for working C compiler: /usr/bin/cc - skipped
-- Detecting C compile features
-- Detecting C compile features - done
-- Detecting CXX compiler ABI info
-- Detecting CXX compiler ABI info - done
-- Check for working CXX compiler: /usr/bin/c++ - skipped
-- Detecting CXX compile features
-- Detecting CXX compile features - done
-- Generating ;/__w/assignments-3-and-later-KarimYasser275/assignments-3-and-later-KarimYasser275/assignment-autotest/test/assignment1/Test_hello_Runner.c;/__w/assignments-3-and-later-KarimYasser275/assignments-3-and-later-KarimYasser275/assignment-autotest/test/assignment1/Test_assignment_validate_Runner.c from test/assignment1/Test_hello.c;test/assignment1/Test_assignment_validate.c
-- Building executable including ;/__w/assignments-3-and-later-KarimYasser275/assignments-3-and-later-KarimYasser275/assignment-autotest/test/assignment1/Test_hello_Runner.c;/__w/assignments-3-and-later-KarimYasser275/assignments-3-and-later-KarimYasser275/assignment-autotest/test/assignment1/Test_assignment_validate_Runner.c test/assignment1/Test_hello.c;test/assignment1/Test_assignment_validate.c and ../examples/autotest-validate/autotest-validate.c
-- Configuring done
-- Generating done
-- Build files have been written to: /__w/assignments-3-and-later-KarimYasser275/assignments-3-and-later-KarimYasser275/build
[ 10%] Building C object assignment-autotest/Unity/src/CMakeFiles/unity.dir/unity.c.o
[ 20%] Linking C static library libunity.a
[ 20%] Built target unity
[ 30%] Generating ../../assignment-autotest/test/assignment1/Test_hello_Runner.c, ../../assignment-autotest/test/assignment1/Test_assignment_validate_Runner.c, ../../assignment-autotest/test/unity_runner.c
Test files for auto dependency generation test/assignment1/Test_hello.c test/assignment1/Test_assignment_validate.c
Autogenerating runner for test/assignment1/Test_hello.c
Autogenerating runner for test/assignment1/Test_assignment_validate.c
Autogenerating test/unity_runner.c
[ 40%] Building C object assignment-autotest/CMakeFiles/assignment-autotest.dir/test/assignment1/Test_hello.c.o
[ 50%] Building C object assignment-autotest/CMakeFiles/assignment-autotest.dir/test/assignment1/Test_assignment_validate.c.o
[ 60%] Building C object assignment-autotest/CMakeFiles/assignment-autotest.dir/test/assignment1/Test_hello_Runner.c.o
[ 70%] Building C object assignment-autotest/CMakeFiles/assignment-autotest.dir/test/assignment1/Test_assignment_validate_Runner.c.o
[ 80%] Building C object assignment-autotest/CMakeFiles/assignment-autotest.dir/__/examples/autotest-validate/autotest-validate.c.o
[ 90%] Building C object assignment-autotest/CMakeFiles/assignment-autotest.dir/test/unity_runner.c.o
[100%] Linking C executable assignment-autotest
[100%] Built target assignment-autotest
/__w/assignments-3-and-later-KarimYasser275/assignments-3-and-later-KarimYasser275/assignment-autotest/test/assignment1/Test_hello.c:6:test_hello:INFO: Hello!  Your unity setup is working!
/__w/assignments-3-and-later-KarimYasser275/assignments-3-and-later-KarimYasser275/assignment-autotest/test/assignment1/Test_hello.c:4:test_hello:PASS
-----------------------
1 Tests 0 Failures 0 Ignored 
OK
/__w/assignments-3-and-later-KarimYasser275/assignments-3-and-later-KarimYasser275/assignment-autotest/test/assignment1/Test_assignment_validate.c:9:test_assignment_validate:PASS
-----------------------
1 Tests 0 Failures 0 Ignored 
OK
Executing assignment test script
/__w/assignments-3-and-later-KarimYasser275/assignments-3-and-later-KarimYasser275/assignment-autotest/test/assignment6 /__w/assignments-3-and-later-KarimYasser275/assignments-3-and-later-KarimYasser275
/__w/assignments-3-and-later-KarimYasser275/assignments-3-and-later-KarimYasser275/server /__w/assignments-3-and-later-KarimYasser275/assignments-3-and-later-KarimYasser275/assignment-autotest/test/assignment6 /__w/assignments-3-and-later-KarimYasser275/assignments-3-and-later-KarimYasser275
rm -f aesdsocket *.o *.elf *.map
cc -Wall -o aesdsocket aesdsocket.c
aesdsocket.c: In function 'main':
aesdsocket.c:194:21: warning: statement with no effect [-Wunused-value]
  194 |                 head->t;
      |                 ~~~~^~~
aesdsocket.c: In function 'thread_timeStamp':
aesdsocket.c:393:1: warning: no return statement in function returning non-void [-Wreturn-type]
  393 | }
      | ^
/__w/assignments-3-and-later-KarimYasser275/assignments-3-and-later-KarimYasser275/assignment-autotest/test/assignment6 /__w/assignments-3-and-later-KarimYasser275/assignments-3-and-later-KarimYasser275/server /__w/assignments-3-and-later-KarimYasser275/assignments-3-and-later-KarimYasser275/assignment-autotest/test/assignment6 /__w/assignments-3-and-later-KarimYasser275/assignments-3-and-later-KarimYasser275
Testing target localhost on port 9000
WARNING: tempfile is deprecated; consider using mktemp instead.
WARNING: tempfile is deprecated; consider using mktemp instead.
WARNING: tempfile is deprecated; consider using mktemp instead.
WARNING: tempfile is deprecated; consider using mktemp instead.
sending string abcdefg
WARNING: tempfile is deprecated; consider using mktemp instead.
WARNING: tempfile is deprecated; consider using mktemp instead.
WARNING: tempfile is deprecated; consider using mktemp instead.
sending string hijklmnop
WARNING: tempfile is deprecated; consider using mktemp instead.
WARNING: tempfile is deprecated; consider using mktemp instead.
WARNING: tempfile is deprecated; consider using mktemp instead.
sending string 1234567890
WARNING: tempfile is deprecated; consider using mktemp instead.
WARNING: tempfile is deprecated; consider using mktemp instead.
WARNING: tempfile is deprecated; consider using mktemp instead.
sending string 9876543210
Differences found after sending 9876543210 to localhost on port 9000
Expected contents to match:
abcdefg
hijklmnop
1234567890
9876543210
But found contents:
With differences
--- /tmp/filelDCY99	2026-01-17 10:28:15.037671827 +0000
+++ /tmp/filePNExyl	2026-01-17 10:28:14.033601720 +0000
@@ -1,4 +0,0 @@
-abcdefg
-hijklmnop
-1234567890
-9876543210
Test complete with failure. Make sure you have restarted the socket server before starting this script
Validation Error:sockettest.sh returned 1 attempting to run against native compiled aesdsocket instance
/__w/assignments-3-and-later-KarimYasser275/assignments-3-and-later-KarimYasser275/server /__w/assignments-3-and-later-KarimYasser275/assignments-3-and-later-KarimYasser275/assignment-autotest/test/assignment6 /__w/assignments-3-and-later-KarimYasser275/assignments-3-and-later-KarimYasser275
/__w/assignments-3-and-later-KarimYasser275/assignments-3-and-later-KarimYasser275/assignment-autotest/test/assignment6 /__w/assignments-3-and-later-KarimYasser275/assignments-3-and-later-KarimYasser275
Waiting for aesdsocket application with pid 360 to terminate
Re-running sockettest.sh with valgrind
/__w/assignments-3-and-later-KarimYasser275/assignments-3-and-later-KarimYasser275/server /__w/assignments-3-and-later-KarimYasser275/assignments-3-and-later-KarimYasser275/assignment-autotest/test/assignment6 /__w/assignments-3-and-later-KarimYasser275/assignments-3-and-later-KarimYasser275
/__w/assignments-3-and-later-KarimYasser275/assignments-3-and-later-KarimYasser275/assignment-autotest/test/assignment6 /__w/assignments-3-and-later-KarimYasser275/assignments-3-and-later-KarimYasser275/server /__w/assignments-3-and-later-KarimYasser275/assignments-3-and-later-KarimYasser275/assignment-autotest/test/assignment6 /__w/assignments-3-and-later-KarimYasser275/assignments-3-and-later-KarimYasser275
Starting valgrind
Waiting for aesdsocket application to start
timestamp:wait-for-startup
Testing target localhost on port 9000
WARNING: tempfile is deprecated; consider using mktemp instead.
WARNING: tempfile is deprecated; consider using mktemp instead.
WARNING: tempfile is deprecated; consider using mktemp instead.
WARNING: tempfile is deprecated; consider using mktemp instead.
sending string abcdefg
WARNING: tempfile is deprecated; consider using mktemp instead.
WARNING: tempfile is deprecated; consider using mktemp instead.
WARNING: tempfile is deprecated; consider using mktemp instead.
sending string hijklmnop
WARNING: tempfile is deprecated; consider using mktemp instead.
WARNING: tempfile is deprecated; consider using mktemp instead.
WARNING: tempfile is deprecated; consider using mktemp instead.
sending string 1234567890
WARNING: tempfile is deprecated; consider using mktemp instead.
WARNING: tempfile is deprecated; consider using mktemp instead.
WARNING: tempfile is deprecated; consider using mktemp instead.
sending string 9876543210
Spawning three processes to ensure multithreaded writes work as expected
Process 1 writes One best book is equal to a hundred good friends, but one good friend is equal to a library
Process 2 writes If you want to shine like a sun, first burn like a sun
Process 3 writes Never stop fighting until you arrive at your destined place - that is, the unique you
Sending string One best book is equal to a hundred good friends, but one good friend is equal to a library from process 1: instance 1
Sending string If you want to shine like a sun, first burn like a sun from process 2: instance 1
Waiting for sends to compete on all processes
Sending string Never stop fighting until you arrive at your destined place - that is, the unique you from process 3: instance 1
Sending string One best book is equal to a hundred good friends, but one good friend is equal to a library from process 1: instance 2
Sending string If you want to shine like a sun, first burn like a sun from process 2: instance 2
Sending string Never stop fighting until you arrive at your destined place - that is, the unique you from process 3: instance 2
Sending string One best book is equal to a hundred good friends, but one good friend is equal to a library from process 1: instance 3
Sending string If you want to shine like a sun, first burn like a sun from process 2: instance 3
Sending string Never stop fighting until you arrive at your destined place - that is, the unique you from process 3: instance 3
[DEBUG] Socket created successfully  
[DEBUG] Socket opened successfully  
[DEBUG] Socket bound successfully  
[DEBUG] Listening  
Accepting connection to 0.0.0.0 port 9000
[DEBUG] Listening  
[DEBUG] TX:  timestamp:Sat, 17 Jan 2026 10:28:15 +0000
timestamp:wait-for-startup
 
Accepting connection to 240.3.201.4 port 9000
[DEBUG] Listening  
[DEBUG] TX:  timestamp:Sat, 17 Jan 2026 10:28:15 +0000
timestamp:wait-for-startup
abcdefg
 
Accepting connection to 160.76.201.4 port 9000
[DEBUG] Listening  
[DEBUG] TX:  timestamp:Sat, 17 Jan 2026 10:28:15 +0000
timestamp:wait-for-startup
abcdefg
hijklmnop
 
Accepting connection to 0.148.201.4 port 9000
[DEBUG] Listening  
[DEBUG] TX:  timestamp:Sat, 17 Jan 2026 10:28:15 +0000
timestamp:wait-for-startup
abcdefg
hijklmnop
1234567890
 
Accepting connection to 112.219.201.4 port 9000
[DEBUG] Listening  
[DEBUG] TX:  timestamp:Sat, 17 Jan 2026 10:28:15 +0000
timestamp:wait-for-startup
abcdefg
hijklmnop
1234567890
9876543210
 
Accepting connection to 240.34.202.4 port 9000
[DEBUG] Listening  
Accepting connection to 240.34.202.4 port 9000
[DEBUG] Listening  
Accepting connection to 208.141.202.4 port 9000
[DEBUG] TX:  timestamp:Sat, 17 Jan 2026 10:28:15 +0000
timestamp:wait-for-startup
abcdefg
hijklmnop
1234567890
9876543210
One best book is equal to a hundred good friends, but one good friend is equal to a library
 
[DEBUG] Listening  
[DEBUG] TX:  timestamp:Sat, 17 Jan 2026 10:28:15 +0000
timestamp:wait-for-startup
abcdefg
hijklmnop
1234567890
9876543210
One best book is equal to a hundred good friends, but one good friend is equal to a library
If you want to shine like a sun, first burn like a sun
Never stop fighting until you arrive at your destined place - that is, the unique you
 
[DEBUG] TX:  timestamp:Sat, 17 Jan 2026 10:28:15 +0000
timestamp:wait-for-startup
abcdefg
hijklmnop
1234567890
9876543210
One best book is equal to a hundred good friends, but one good friend is equal to a library
If you want to shine like a sun, first burn like a sun
Never stop fighting until you arrive at your destined place - that is, the unique you
 
Accepting connection to 96.182.202.4 port 9000
[DEBUG] Listening  
Accepting connection to 96.182.202.4 port 9000
[DEBUG] Listening  
Accepting connection to 160.105.203.4 port 9000
[DEBUG] TX:  timestamp:Sat, 17 Jan 2026 10:28:15 +0000
timestamp:wait-for-startup
abcdefg
hijklmnop
1234567890
9876543210
One best book is equal to a hundred good friends, but one good friend is equal to a library
If you want to shine like a sun, first burn like a sun
Never stop fighting until you arrive at your destined place - that is, the unique you
One best book is equal to a hundred good friends, but one good friend is equal to a library
 
[DEBUG] Listening  
[DEBUG] TX:  timestamp:Sat, 17 Jan 2026 10:28:15 +0000
timestamp:wait-for-startup
abcdefg
hijklmnop
1234567890
9876543210
One best book is equal to a hundred good friends, but one good friend is equal to a library
If you want to shine like a sun, first burn like a sun
Never stop fighting until you arrive at your destined place - that is, the unique you
One best book is equal to a hundred good friends, but one good friend is equal to a library
If you want to shine like a sun, first burn like a sun
Never stop fighting until you arrive at your destined place - that is, the unique you
 
[DEBUG] TX:  timestamp:Sat, 17 Jan 2026 10:28:15 +0000
timestamp:wait-for-startup
abcdefg
hijklmnop
1234567890
9876543210
One best book is equal to a hundred good friends, but one good friend is equal to a library
If you want to shine like a sun, first burn like a sun
Never stop fighting until you arrive at your destined place - that is, the unique you
One best book is equal to a hundred good friends, but one good friend is equal to a library
If you want to shine like a sun, first burn like a sun
Never stop fighting until you arrive at your destined place - that is, the unique you
 
Accepting connection to 192.146.203.4 port 9000
[DEBUG] Listening  
Accepting connection to 192.146.203.4 port 9000
[DEBUG] Listening  
[DEBUG] TX:  timestampProcess 1 complete
Process 2 complete
Process 3 complete
WARNING: tempfile is deprecated; consider using mktemp instead.
multithreaded test complete with success
Testing the timer functionality
WARNING: tempfile is deprecated; consider using mktemp instead.
:Sat, 17 Jan 2026 10:28:15 +0000
timestamp:wait-for-startup
abcdefg
hijklmnop
1234567890
9876543210
One best book is equal to a hundred good friends, but one good friend is equal to a library
If you want to shine like a sun, first burn like a sun
Never stop fighting until you arrive at your destined place - that is, the unique you
One best book is equal to a hundred good friends, but one good friend is equal to a library
If you want to shine like a sun, first burn like a sun
Never stop fighting until you arrive at your destined place - that is, the unique you
One best book is equal to a hundred good friends, but one good friend is equal to a library
 
Accepting connection to 144.69.204.4 port 9000
[DEBUG] Listening  
[DEBUG] TX:  timestamp:Sat, 17 Jan 2026 10:28:15 +0000
timestamp:wait-for-startup
abcdefg
hijklmnop
1234567890
9876543210
One best book is equal to a hundred good friends, but one good friend is equal to a library
If you want to shine like a sun, first burn like a sun
Never stop fighting until you arrive at your destined place - that is, the unique you
One best book is equal to a hundred good friends, but one good friend is equal to a library
If you want to shine like a sun, first burn like a sun
Never stop fighting until you arrive at your destined place - that is, the unique you
One best book is equal to a hundred good friends, but one good friend is equal to a library
If you want to shine like a sun, first burn like a sun
 
[DEBUG] TX:  timestamp:Sat, 17 Jan 2026 10:28:15 +0000
timestamp:wait-for-startup
abcdefg
hijklmnop
1234567890
9876543210
One best book is equal to a hundred good friends, but one good friend is equal to a library
If you want to shine like a sun, first burn like a sun
Never stop fighting until you arrive at your destined place - that is, the unique you
One best book is equal to a hundred good friends, but one good friend is equal to a library
If you want to shine like a sun, first burn like a sun
Never stop fighting until you arrive at your destined place - that is, the unique you
One best book is equal to a hundred good friends, but one good friend is equal to a library
If you want to shine like a sun, first burn like a sun
Never stop fighting until you arrive at your destined place - that is, the unique you
 
Accepting connection to 128.112.204.4 port 9000
[DEBUG] Listening  
[DEBUG] TX:  timestamp:Sat, 17 Jan 2026 10:28:15 +0000
timestamp:wait-for-startup
abcdefg
hijklmnop
1234567890
9876543210
One best book is equal to a hundred good friends, but one good friend is equal to a library
If you want to shine like a sun, first burn like a sun
Never stop fighting until you arrive at your destined place - that is, the unique you
One best book is equal to a hundred good friends, but one good friend is equal to a library
If you want to shine like a sun, first burn like a sun
Never stop fighting until you arrive at your destined place - that is, the unique you
One best book is equal to a hundred good friends, but one good friend is equal to a library
If you want to shine like a sun, first burn like a sun
Never stop fighting until you arrive at your destined place - that is, the unique you
validate_multithreaded
 
Accepting connection to 240.0.205.4 port 9000
[DEBUG] Listening  
[DEBUG] TX:  timestamp:Sat, 17 Jan 2026 10:28:15 +0000
timestamp:wait-for-startup
abcdefg
hijklmnop
1234567890
9876543210
One best book is equal to a hundred good friends, but one good friend is equal to a library
If you want to shine like a sun, first burn like a sun
Never stop fighting until you arrive at your destined place - that is, the unique you
One best book is equal to a hundred good friends, but one good friend is equal to a library
If you want to shine like a sun, first burn like a sun
Never stop fighting until you arrive at your destined place - that is, the unique you
One best book is equal to a hundred good friends, but one good friend is equal to a library
If you want to shine like a sun, first burn like a sun
Never stop fighting until you arrive at your destined place - that is, the unique you
validateNo of timestamps currently in server file: 3
No of timestamps expected after a delay of 21 seconds is 5
No of timestamps found in file: 5
Congrats! Tests completed with success
Stopping valgrind and aesdsocket process at pid 421
Waiting for aesdsocket and valgrind to exit
_multithreaded
timestamp:Sat, 17 Jan 2026 10:28:25 +0000
test_socket_timer
 
Accepting connection to 192.77.205.4 port 9000
[DEBUG] Listening  
[DEBUG] TX:  timestamp:Sat, 17 Jan 2026 10:28:15 +0000
timestamp:wait-for-startup
abcdefg
hijklmnop
1234567890
9876543210
One best book is equal to a hundred good friends, but one good friend is equal to a library
If you want to shine like a sun, first burn like a sun
Never stop fighting until you arrive at your destined place - that is, the unique you
One best book is equal to a hundred good friends, but one good friend is equal to a library
If you want to shine like a sun, first burn like a sun
Never stop fighting until you arrive at your destined place - that is, the unique you
One best book is equal to a hundred good friends, but one good friend is equal to a library
If you want to shine like a sun, first burn like a sun
Never stop fighting until you arrive at your destined place - that is, the unique you
validate_multithreaded
timestamp:Sat, 17 Jan 2026 10:28:25 +0000
test_socket_timer
timestamp:Sat, 17 Jan 2026 10:28:35 +0000
timestamp:Sat, 17 Jan 2026 10:28:45 +0000
test_socket_timer
 
gracefull exit in progress, signo: 15
Valgrind and aesdsocket complete
Validation Error:Valgrind failed with 1
Valgrind output error log:
==421== Memcheck, a memory error detector
==421== Copyright (C) 2002-2017, and GNU GPL'd, by Julian Seward et al.
==421== Using Valgrind-3.18.1-42b08ed5bd-20211015 and LibVEX; rerun with -h for copyright info
==421== Command: ./aesdsocket
==421== Parent PID: 419
==421== 
--421-- 
--421-- Valgrind options:
--421--    --error-exitcode=1
--421--    --leak-check=full
--421--    --show-leak-kinds=all
--421--    --track-origins=yes
--421--    --errors-for-leak-kinds=definite
--421--    --verbose
--421--    --log-file=valgrind-out.txt
--421-- Contents of /proc/version:
--421--   Linux version 6.14.0-37-generic (buildd@lcy02-amd64-049) (x86_64-linux-gnu-gcc-14 (Ubuntu 14.2.0-19ubuntu2) 14.2.0, GNU ld (GNU Binutils for Ubuntu) 2.44) #37-Ubuntu SMP PREEMPT_DYNAMIC Fri Nov 14 22:10:32 UTC 2025
--421-- 
--421-- Arch and hwcaps: AMD64, LittleEndian, amd64-cx16-lzcnt-rdtscp-sse3-ssse3-avx-avx2-bmi-f16c-rdrand-rdseed
--421-- Page sizes: currently 4096, max supported 4096
--421-- Valgrind library directory: /usr/libexec/valgrind
--421-- Reading syms from /__w/assignments-3-and-later-KarimYasser275/assignments-3-and-later-KarimYasser275/server/aesdsocket
--421-- Reading syms from /usr/lib/x86_64-linux-gnu/ld-linux-x86-64.so.2
--421--   Considering /usr/lib/debug/.build-id/41/86944c50f8a32b47d74931e3f512b811813b64.debug ..
--421--   .. build-id is valid
--421-- Reading syms from /usr/libexec/valgrind/memcheck-amd64-linux
--421--    object doesn't have a symbol table
--421--    object doesn't have a dynamic symbol table
--421-- Scheduler: using generic scheduler lock implementation.
--421-- Reading suppressions file: /usr/libexec/valgrind/default.supp
==421== embedded gdbserver: reading from /tmp/vgdb-pipe-from-vgdb-to-421-by-???-on-d63dc59f28dc
==421== embedded gdbserver: writing to   /tmp/vgdb-pipe-to-vgdb-from-421-by-???-on-d63dc59f28dc
==421== embedded gdbserver: shared mem   /tmp/vgdb-pipe-shared-mem-vgdb-421-by-???-on-d63dc59f28dc
==421== 
==421== TO CONTROL THIS PROCESS USING vgdb (which you probably
==421== don't want to do, unless you know exactly what you're doing,
==421== or are doing some strange experiment):
==421==   /usr/bin/vgdb --pid=421 ...command...
==421== 
==421== TO DEBUG THIS PROCESS USING GDB: start GDB like this
==421==   /path/to/gdb ./aesdsocket
==421== and then give GDB the following command
==421==   target remote | /usr/bin/vgdb --pid=421
==421== --pid is optional if only one valgrind process is running
==421== 
--421-- REDIR: 0x402aa40 (ld-linux-x86-64.so.2:strlen) redirected to 0x580bcec2 (???)
--421-- REDIR: 0x402a810 (ld-linux-x86-64.so.2:index) redirected to 0x580bcedc (???)
--421-- Reading syms from /usr/libexec/valgrind/vgpreload_core-amd64-linux.so
--421--    object doesn't have a symbol table
--421-- Reading syms from /usr/libexec/valgrind/vgpreload_memcheck-amd64-linux.so
--421--    object doesn't have a symbol table
==421== WARNING: new redirection conflicts with existing -- ignoring it
--421--     old: 0x0402aa40 (strlen              ) R-> (0000.0) 0x580bcec2 ???
--421--     new: 0x0402aa40 (strlen              ) R-> (2007.0) 0x0484ee30 strlen
--421-- REDIR: 0x4027220 (ld-linux-x86-64.so.2:strcmp) redirected to 0x484fcd0 (strcmp)
--421-- REDIR: 0x402afa0 (ld-linux-x86-64.so.2:mempcpy) redirected to 0x4853840 (mempcpy)
--421-- Reading syms from /usr/lib/x86_64-linux-gnu/libc.so.6
--421--   Considering /usr/lib/debug/.build-id/49/0fef8403240c91833978d494d39e537409b92e.debug ..
--421--   .. build-id is valid
==421== WARNING: new redirection conflicts with existing -- ignoring it
--421--     old: 0x04903c60 (memalign            ) R-> (1011.0) 0x0484e080 memalign
--421--     new: 0x04903c60 (memalign            ) R-> (1017.0) 0x0484e050 aligned_alloc
==421== WARNING: new redirection conflicts with existing -- ignoring it
--421--     old: 0x04903c60 (memalign            ) R-> (1011.0) 0x0484e080 memalign
--421--     new: 0x04903c60 (memalign            ) R-> (1017.0) 0x0484e020 aligned_alloc
==421== WARNING: new redirection conflicts with existing -- ignoring it
--421--     old: 0x04903c60 (memalign            ) R-> (1011.0) 0x0484e080 memalign
--421--     new: 0x04903c60 (memalign            ) R-> (1017.0) 0x0484e050 aligned_alloc
==421== WARNING: new redirection conflicts with existing -- ignoring it
--421--     old: 0x04903c60 (memalign            ) R-> (1011.0) 0x0484e080 memalign
--421--     new: 0x04903c60 (memalign            ) R-> (1017.0) 0x0484e020 aligned_alloc
--421-- REDIR: 0x4906720 (libc.so.6:strnlen) redirected to 0x483f220 (_vgnU_ifunc_wrapper)
--421-- REDIR: 0x49069e0 (libc.so.6:strpbrk) redirected to 0x483f220 (_vgnU_ifunc_wrapper)
--421-- REDIR: 0x49062e0 (libc.so.6:strcmp) redirected to 0x483f220 (_vgnU_ifunc_wrapper)
--421-- REDIR: 0x4924cd0 (libc.so.6:wcsnlen) redirected to 0x483f220 (_vgnU_ifunc_wrapper)
--421-- REDIR: 0x49076d0 (libc.so.6:memset) redirected to 0x483f220 (_vgnU_ifunc_wrapper)
--421-- REDIR: 0x4923540 (libc.so.6:wcslen) redirected to 0x483f220 (_vgnU_ifunc_wrapper)
--421-- REDIR: 0x4907c10 (libc.so.6:memcpy@@GLIBC_2.14) redirected to 0x483f220 (_vgnU_ifunc_wrapper)
--421-- REDIR: 0x4923370 (libc.so.6:wcschr) redirected to 0x483f220 (_vgnU_ifunc_wrapper)
--421-- REDIR: 0x4906260 (libc.so.6:index) redirected to 0x483f220 (_vgnU_ifunc_wrapper)
--421-- REDIR: 0x4906960 (libc.so.6:rindex) redirected to 0x483f220 (_vgnU_ifunc_wrapper)
--421-- REDIR: 0x49075a0 (libc.so.6:memmove) redirected to 0x483f220 (_vgnU_ifunc_wrapper)
==421== Preferring higher priority redirection:
--421--     old: 0x049fe7c0 (__memcpy_avx_unalign) R-> (2018.0) 0x04850f90 __memcpy_avx_unaligned_erms
--421--     new: 0x049fe7c0 (__memcpy_avx_unalign) R-> (2018.1) 0x04852880 memmove
--421-- REDIR: 0x49233f0 (libc.so.6:wcscmp) redirected to 0x483f220 (_vgnU_ifunc_wrapper)
--421-- REDIR: 0x49079e0 (libc.so.6:stpncpy) redirected to 0x483f220 (_vgnU_ifunc_wrapper)
--421-- REDIR: 0x49239b0 (libc.so.6:wmemchr) redirected to 0x483f220 (_vgnU_ifunc_wrapper)
--421-- REDIR: 0x4906830 (libc.so.6:strncmp) redirected to 0x483f220 (_vgnU_ifunc_wrapper)
--421-- REDIR: 0x4907a70 (libc.so.6:strcasecmp) redirected to 0x483f220 (_vgnU_ifunc_wrapper)
--421-- REDIR: 0x4906420 (libc.so.6:strcspn) redirected to 0x483f220 (_vgnU_ifunc_wrapper)
--421-- REDIR: 0x4923470 (libc.so.6:wcscpy) redirected to 0x483f220 (_vgnU_ifunc_wrapper)
--421-- REDIR: 0x49061d0 (libc.so.6:strcat) redirected to 0x483f220 (_vgnU_ifunc_wrapper)
--421-- REDIR: 0x4907b60 (libc.so.6:strncasecmp_l) redirected to 0x483f220 (_vgnU_ifunc_wrapper)
--421-- REDIR: 0x4907480 (libc.so.6:bcmp) redirected to 0x483f220 (_vgnU_ifunc_wrapper)
--421-- REDIR: 0x490f570 (libc.so.6:memrchr) redirected to 0x483f220 (_vgnU_ifunc_wrapper)
--421-- REDIR: 0x4909010 (libc.so.6:strchrnul) redirected to 0x483f220 (_vgnU_ifunc_wrapper)
--421-- REDIR: 0x4906390 (libc.so.6:strcpy) redirected to 0x483f220 (_vgnU_ifunc_wrapper)
--421-- REDIR: 0x4907b10 (libc.so.6:strcasecmp_l) redirected to 0x483f220 (_vgnU_ifunc_wrapper)
--421-- REDIR: 0x49066a0 (libc.so.6:strlen) redirected to 0x483f220 (_vgnU_ifunc_wrapper)
--421-- REDIR: 0x49068d0 (libc.so.6:strncpy) redirected to 0x483f220 (_vgnU_ifunc_wrapper)
--421-- REDIR: 0x4907950 (libc.so.6:stpcpy) redirected to 0x483f220 (_vgnU_ifunc_wrapper)
--421-- REDIR: 0x49073f0 (libc.so.6:memchr) redirected to 0x483f220 (_vgnU_ifunc_wrapper)
--421-- REDIR: 0x4906b00 (libc.so.6:strspn) redirected to 0x483f220 (_vgnU_ifunc_wrapper)
--421-- REDIR: 0x49077d0 (libc.so.6:mempcpy) redirected to 0x483f220 (_vgnU_ifunc_wrapper)
--421-- REDIR: 0x4907ac0 (libc.so.6:strncasecmp) redirected to 0x483f220 (_vgnU_ifunc_wrapper)
--421-- REDIR: 0x4908f80 (libc.so.6:rawmemchr) redirected to 0x483f220 (_vgnU_ifunc_wrapper)
--421-- REDIR: 0x49fb610 (libc.so.6:__strrchr_avx2) redirected to 0x484e810 (rindex)
--421-- REDIR: 0x49fef80 (libc.so.6:__memset_avx2_unaligned_erms) redirected to 0x4852770 (memset)
--421-- REDIR: 0x49fb7e0 (libc.so.6:__strlen_avx2) redirected to 0x484ed10 (strlen)
--421-- REDIR: 0x4904520 (libc.so.6:calloc) redirected to 0x484d9d0 (calloc)
--421-- REDIR: 0x49fb400 (libc.so.6:__strchrnul_avx2) redirected to 0x4853330 (strchrnul)
--421-- REDIR: 0x49030a0 (libc.so.6:malloc) redirected to 0x4848820 (malloc)
--421-- REDIR: 0x49fe780 (libc.so.6:__mempcpy_avx_unaligned_erms) redirected to 0x4853440 (mempcpy)
--421-- REDIR: 0x49033e0 (libc.so.6:free) redirected to 0x484b210 (free)
--421-- REDIR: 0x4906fc0 (libc.so.6:__GI_strstr) redirected to 0x4853ae0 (__strstr_sse2)
--421-- REDIR: 0x49f72c0 (libc.so.6:__memchr_avx2) redirected to 0x484fd50 (memchr)
--421-- REDIR: 0x49fe7c0 (libc.so.6:__memcpy_avx_unaligned_erms) redirected to 0x4852880 (memmove)
--421-- REDIR: 0x49fb180 (libc.so.6:__strchr_avx2) redirected to 0x484e9f0 (index)
--421-- REDIR: 0x4903740 (libc.so.6:realloc) redirected to 0x484dc50 (realloc)
--421-- REDIR: 0x49fccb0 (libc.so.6:__strcpy_avx2) redirected to 0x484ee60 (strcpy)
==421== Thread 3:
==421== Invalid read of size 1
==421==    at 0x484ED24: strlen (in /usr/libexec/valgrind/vgpreload_memcheck-amd64-linux.so)
==421==    by 0x48D4D30: __vfprintf_internal (vfprintf-internal.c:1517)
==421==    by 0x48BE79E: printf (printf.c:33)
==421==    by 0x10A053: thread_ReceiveSend (in /__w/assignments-3-and-later-KarimYasser275/assignments-3-and-later-KarimYasser275/server/aesdsocket)
==421==    by 0x48F2AC2: start_thread (pthread_create.c:442)
==421==    by 0x4983A03: clone (clone.S:100)
==421==  Address 0x4c90435 is 0 bytes after a block of size 69 alloc'd
==421==    at 0x4848899: malloc (in /usr/libexec/valgrind/vgpreload_memcheck-amd64-linux.so)
==421==    by 0x109F52: thread_ReceiveSend (in /__w/assignments-3-and-later-KarimYasser275/assignments-3-and-later-KarimYasser275/server/aesdsocket)
==421==    by 0x48F2AC2: start_thread (pthread_create.c:442)
==421==    by 0x4983A03: clone (clone.S:100)
==421== 
==421== Conditional jump or move depends on uninitialised value(s)
==421==    at 0x484ED28: strlen (in /usr/libexec/valgrind/vgpreload_memcheck-amd64-linux.so)
==421==    by 0x48D4D30: __vfprintf_internal (vfprintf-internal.c:1517)
==421==    by 0x48BE79E: printf (printf.c:33)
==421==    by 0x10A053: thread_ReceiveSend (in /__w/assignments-3-and-later-KarimYasser275/assignments-3-and-later-KarimYasser275/server/aesdsocket)
==421==    by 0x48F2AC2: start_thread (pthread_create.c:442)
==421==    by 0x4983A03: clone (clone.S:100)
==421==  Uninitialised value was created by a heap allocation
==421==    at 0x4848899: malloc (in /usr/libexec/valgrind/vgpreload_memcheck-amd64-linux.so)
==421==    by 0x109F52: thread_ReceiveSend (in /__w/assignments-3-and-later-KarimYasser275/assignments-3-and-later-KarimYasser275/server/aesdsocket)
==421==    by 0x48F2AC2: start_thread (pthread_create.c:442)
==421==    by 0x4983A03: clone (clone.S:100)
==421== 
==421== Syscall param socketcall.sendto(msg) points to uninitialised byte(s)
==421==    at 0x49858FE: __libc_send (send.c:28)
==421==    by 0x49858FE: send (send.c:23)
==421==    by 0x10A08D: thread_ReceiveSend (in /__w/assignments-3-and-later-KarimYasser275/assignments-3-and-later-KarimYasser275/server/aesdsocket)
==421==    by 0x48F2AC2: start_thread (pthread_create.c:442)
==421==    by 0x4983A03: clone (clone.S:100)
==421==  Address 0x4cab666 is 6 bytes inside a block of size 342 alloc'd
==421==    at 0x4848899: malloc (in /usr/libexec/valgrind/vgpreload_memcheck-amd64-linux.so)
==421==    by 0x109F52: thread_ReceiveSend (in /__w/assignments-3-and-later-KarimYasser275/assignments-3-and-later-KarimYasser275/server/aesdsocket)
==421==    by 0x48F2AC2: start_thread (pthread_create.c:442)
==421==    by 0x4983A03: clone (clone.S:100)
==421==  Uninitialised value was created by a heap allocation
==421==    at 0x4848899: malloc (in /usr/libexec/valgrind/vgpreload_memcheck-amd64-linux.so)
==421==    by 0x109F52: thread_ReceiveSend (in /__w/assignments-3-and-later-KarimYasser275/assignments-3-and-later-KarimYasser275/server/aesdsocket)
==421==    by 0x48F2AC2: start_thread (pthread_create.c:442)
==421==    by 0x4983A03: clone (clone.S:100)
==421== 
==421== Syscall param write(buf) points to uninitialised byte(s)
==421==    at 0x49728BF: __libc_write (write.c:26)
==421==    by 0x49728BF: write (write.c:24)
==421==    by 0x48E8EEC: _IO_file_write@@GLIBC_2.2.5 (fileops.c:1180)
==421==    by 0x48EA9E0: new_do_write (fileops.c:448)
==421==    by 0x48EA9E0: _IO_new_do_write (fileops.c:425)
==421==    by 0x48EA9E0: _IO_do_write@@GLIBC_2.2.5 (fileops.c:422)
==421==    by 0x48E96D4: _IO_new_file_xsputn (fileops.c:1243)
==421==    by 0x48E96D4: _IO_file_xsputn@@GLIBC_2.2.5 (fileops.c:1196)
==421==    by 0x48D500B: outstring_func (vfprintf-internal.c:239)
==421==    by 0x48D500B: __vfprintf_internal (vfprintf-internal.c:1517)
==421==    by 0x48BE79E: printf (printf.c:33)
==421==    by 0x10A053: thread_ReceiveSend (in /__w/assignments-3-and-later-KarimYasser275/assignments-3-and-later-KarimYasser275/server/aesdsocket)
==421==    by 0x48F2AC2: start_thread (pthread_create.c:442)
==421==    by 0x4983A03: clone (clone.S:100)
==421==  Address 0x4c8be4c is 3,260 bytes inside a block of size 4,096 alloc'd
==421==    at 0x4848899: malloc (in /usr/libexec/valgrind/vgpreload_memcheck-amd64-linux.so)
==421==    by 0x48DCBA3: _IO_file_doallocate (filedoalloc.c:101)
==421==    by 0x48EBCDF: _IO_doallocbuf (genops.c:347)
==421==    by 0x48EAF5F: _IO_file_overflow@@GLIBC_2.2.5 (fileops.c:744)
==421==    by 0x48E96D4: _IO_new_file_xsputn (fileops.c:1243)
==421==    by 0x48E96D4: _IO_file_xsputn@@GLIBC_2.2.5 (fileops.c:1196)
==421==    by 0x48D314C: outstring_func (vfprintf-internal.c:239)
==421==    by 0x48D314C: __vfprintf_internal (vfprintf-internal.c:1263)
==421==    by 0x48BE79E: printf (printf.c:33)
==421==    by 0x109841: main (in /__w/assignments-3-and-later-KarimYasser275/assignments-3-and-later-KarimYasser275/server/aesdsocket)
==421==  Uninitialised value was created by a heap allocation
==421==    at 0x4848899: malloc (in /usr/libexec/valgrind/vgpreload_memcheck-amd64-linux.so)
==421==    by 0x109F52: thread_ReceiveSend (in /__w/assignments-3-and-later-KarimYasser275/assignments-3-and-later-KarimYasser275/server/aesdsocket)
==421==    by 0x48F2AC2: start_thread (pthread_create.c:442)
==421==    by 0x4983A03: clone (clone.S:100)
==421== 
==421== 
==421== HEAP SUMMARY:
==421==     in use at exit: 8,529 bytes in 22 blocks
==421==   total heap usage: 176 allocs, 154 frees, 329,744 bytes allocated
==421== 
==421== Searching for pointers to 22 not-freed blocks
==421== Checked 6,394,064 bytes
==421== 
==421== Thread 1:
==421== 64 bytes in 2 blocks are still reachable in loss record 1 of 5
==421==    at 0x4848899: malloc (in /usr/libexec/valgrind/vgpreload_memcheck-amd64-linux.so)
==421==    by 0x109AD8: main (in /__w/assignments-3-and-later-KarimYasser275/assignments-3-and-later-KarimYasser275/server/aesdsocket)
==421== 
==421== 272 bytes in 1 blocks are possibly lost in loss record 2 of 5
==421==    at 0x484DA83: calloc (in /usr/libexec/valgrind/vgpreload_memcheck-amd64-linux.so)
==421==    by 0x40147D9: calloc (rtld-malloc.h:44)
==421==    by 0x40147D9: allocate_dtv (dl-tls.c:375)
==421==    by 0x40147D9: _dl_allocate_tls (dl-tls.c:634)
==421==    by 0x48F37B4: allocate_stack (allocatestack.c:430)
==421==    by 0x48F37B4: pthread_create@@GLIBC_2.34 (pthread_create.c:647)
==421==    by 0x1097A9: main (in /__w/assignments-3-and-later-KarimYasser275/assignments-3-and-later-KarimYasser275/server/aesdsocket)
==421== 
==421== 544 bytes in 2 blocks are possibly lost in loss record 3 of 5
==421==    at 0x484DA83: calloc (in /usr/libexec/valgrind/vgpreload_memcheck-amd64-linux.so)
==421==    by 0x40147D9: calloc (rtld-malloc.h:44)
==421==    by 0x40147D9: allocate_dtv (dl-tls.c:375)
==421==    by 0x40147D9: _dl_allocate_tls (dl-tls.c:634)
==421==    by 0x48F37B4: allocate_stack (allocatestack.c:430)
==421==    by 0x48F37B4: pthread_create@@GLIBC_2.34 (pthread_create.c:647)
==421==    by 0x109B54: main (in /__w/assignments-3-and-later-KarimYasser275/assignments-3-and-later-KarimYasser275/server/aesdsocket)
==421== 
==421== 993 bytes in 1 blocks are still reachable in loss record 4 of 5
==421==    at 0x4848899: malloc (in /usr/libexec/valgrind/vgpreload_memcheck-amd64-linux.so)
==421==    by 0x109F52: thread_ReceiveSend (in /__w/assignments-3-and-later-KarimYasser275/assignments-3-and-later-KarimYasser275/server/aesdsocket)
==421==    by 0x48F2AC2: start_thread (pthread_create.c:442)
==421==    by 0x4983A03: clone (clone.S:100)
==421== 
==421== 6,656 bytes in 16 blocks are definitely lost in loss record 5 of 5
==421==    at 0x4848899: malloc (in /usr/libexec/valgrind/vgpreload_memcheck-amd64-linux.so)
==421==    by 0x109F52: thread_ReceiveSend (in /__w/assignments-3-and-later-KarimYasser275/assignments-3-and-later-KarimYasser275/server/aesdsocket)
==421==    by 0x48F2AC2: start_thread (pthread_create.c:442)
==421==    by 0x4983A03: clone (clone.S:100)
==421== 
==421== LEAK SUMMARY:
==421==    definitely lost: 6,656 bytes in 16 blocks
==421==    indirectly lost: 0 bytes in 0 blocks
==421==      possibly lost: 816 bytes in 3 blocks
==421==    still reachable: 1,057 bytes in 3 blocks
==421==         suppressed: 0 bytes in 0 blocks
==421== 
==421== ERROR SUMMARY: 113 errors from 5 contexts (suppressed: 0 from 0)
==421== 
==421== 1 errors in context 1 of 5:
==421== Thread 3:
==421== Syscall param write(buf) points to uninitialised byte(s)
==421==    at 0x49728BF: __libc_write (write.c:26)
==421==    by 0x49728BF: write (write.c:24)
==421==    by 0x48E8EEC: _IO_file_write@@GLIBC_2.2.5 (fileops.c:1180)
==421==    by 0x48EA9E0: new_do_write (fileops.c:448)
==421==    by 0x48EA9E0: _IO_new_do_write (fileops.c:425)
==421==    by 0x48EA9E0: _IO_do_write@@GLIBC_2.2.5 (fileops.c:422)
==421==    by 0x48E96D4: _IO_new_file_xsputn (fileops.c:1243)
==421==    by 0x48E96D4: _IO_file_xsputn@@GLIBC_2.2.5 (fileops.c:1196)
==421==    by 0x48D500B: outstring_func (vfprintf-internal.c:239)
==421==    by 0x48D500B: __vfprintf_internal (vfprintf-internal.c:1517)
==421==    by 0x48BE79E: printf (printf.c:33)
==421==    by 0x10A053: thread_ReceiveSend (in /__w/assignments-3-and-later-KarimYasser275/assignments-3-and-later-KarimYasser275/server/aesdsocket)
==421==    by 0x48F2AC2: start_thread (pthread_create.c:442)
==421==    by 0x4983A03: clone (clone.S:100)
==421==  Address 0x4c8be4c is 3,260 bytes inside a block of size 4,096 alloc'd
==421==    at 0x4848899: malloc (in /usr/libexec/valgrind/vgpreload_memcheck-amd64-linux.so)
==421==    by 0x48DCBA3: _IO_file_doallocate (filedoalloc.c:101)
==421==    by 0x48EBCDF: _IO_doallocbuf (genops.c:347)
==421==    by 0x48EAF5F: _IO_file_overflow@@GLIBC_2.2.5 (fileops.c:744)
==421==    by 0x48E96D4: _IO_new_file_xsputn (fileops.c:1243)
==421==    by 0x48E96D4: _IO_file_xsputn@@GLIBC_2.2.5 (fileops.c:1196)
==421==    by 0x48D314C: outstring_func (vfprintf-internal.c:239)
==421==    by 0x48D314C: __vfprintf_internal (vfprintf-internal.c:1263)
==421==    by 0x48BE79E: printf (printf.c:33)
==421==    by 0x109841: main (in /__w/assignments-3-and-later-KarimYasser275/assignments-3-and-later-KarimYasser275/server/aesdsocket)
==421==  Uninitialised value was created by a heap allocation
==421==    at 0x4848899: malloc (in /usr/libexec/valgrind/vgpreload_memcheck-amd64-linux.so)
==421==    by 0x109F52: thread_ReceiveSend (in /__w/assignments-3-and-later-KarimYasser275/assignments-3-and-later-KarimYasser275/server/aesdsocket)
==421==    by 0x48F2AC2: start_thread (pthread_create.c:442)
==421==    by 0x4983A03: clone (clone.S:100)
==421== 
==421== 
==421== 8 errors in context 2 of 5:
==421== Syscall param socketcall.sendto(msg) points to uninitialised byte(s)
==421==    at 0x49858FE: __libc_send (send.c:28)
==421==    by 0x49858FE: send (send.c:23)
==421==    by 0x10A08D: thread_ReceiveSend (in /__w/assignments-3-and-later-KarimYasser275/assignments-3-and-later-KarimYasser275/server/aesdsocket)
==421==    by 0x48F2AC2: start_thread (pthread_create.c:442)
==421==    by 0x4983A03: clone (clone.S:100)
==421==  Address 0x4cab666 is 6 bytes inside a block of size 342 alloc'd
==421==    at 0x4848899: malloc (in /usr/libexec/valgrind/vgpreload_memcheck-amd64-linux.so)
==421==    by 0x109F52: thread_ReceiveSend (in /__w/assignments-3-and-later-KarimYasser275/assignments-3-and-later-KarimYasser275/server/aesdsocket)
==421==    by 0x48F2AC2: start_thread (pthread_create.c:442)
==421==    by 0x4983A03: clone (clone.S:100)
==421==  Uninitialised value was created by a heap allocation
==421==    at 0x4848899: malloc (in /usr/libexec/valgrind/vgpreload_memcheck-amd64-linux.so)
==421==    by 0x109F52: thread_ReceiveSend (in /__w/assignments-3-and-later-KarimYasser275/assignments-3-and-later-KarimYasser275/server/aesdsocket)
==421==    by 0x48F2AC2: start_thread (pthread_create.c:442)
==421==    by 0x4983A03: clone (clone.S:100)
==421== 
==421== 
==421== 16 errors in context 3 of 5:
==421== Invalid read of size 1
==421==    at 0x484ED24: strlen (in /usr/libexec/valgrind/vgpreload_memcheck-amd64-linux.so)
==421==    by 0x48D4D30: __vfprintf_internal (vfprintf-internal.c:1517)
==421==    by 0x48BE79E: printf (printf.c:33)
==421==    by 0x10A053: thread_ReceiveSend (in /__w/assignments-3-and-later-KarimYasser275/assignments-3-and-later-KarimYasser275/server/aesdsocket)
==421==    by 0x48F2AC2: start_thread (pthread_create.c:442)
==421==    by 0x4983A03: clone (clone.S:100)
==421==  Address 0x4c90435 is 0 bytes after a block of size 69 alloc'd
==421==    at 0x4848899: malloc (in /usr/libexec/valgrind/vgpreload_memcheck-amd64-linux.so)
==421==    by 0x109F52: thread_ReceiveSend (in /__w/assignments-3-and-later-KarimYasser275/assignments-3-and-later-KarimYasser275/server/aesdsocket)
==421==    by 0x48F2AC2: start_thread (pthread_create.c:442)
==421==    by 0x4983A03: clone (clone.S:100)
==421== 
==421== 
==421== 87 errors in context 4 of 5:
==421== Conditional jump or move depends on uninitialised value(s)
==421==    at 0x484ED28: strlen (in /usr/libexec/valgrind/vgpreload_memcheck-amd64-linux.so)
==421==    by 0x48D4D30: __vfprintf_internal (vfprintf-internal.c:1517)
==421==    by 0x48BE79E: printf (printf.c:33)
==421==    by 0x10A053: thread_ReceiveSend (in /__w/assignments-3-and-later-KarimYasser275/assignments-3-and-later-KarimYasser275/server/aesdsocket)
==421==    by 0x48F2AC2: start_thread (pthread_create.c:442)
==421==    by 0x4983A03: clone (clone.S:100)
==421==  Uninitialised value was created by a heap allocation
==421==    at 0x4848899: malloc (in /usr/libexec/valgrind/vgpreload_memcheck-amd64-linux.so)
==421==    by 0x109F52: thread_ReceiveSend (in /__w/assignments-3-and-later-KarimYasser275/assignments-3-and-later-KarimYasser275/server/aesdsocket)
==421==    by 0x48F2AC2: start_thread (pthread_create.c:442)
==421==    by 0x4983A03: clone (clone.S:100)
==421== 
==421== ERROR SUMMARY: 113 errors from 5 contexts (suppressed: 0 from 0)
deleting marker file /tmp/tmp.jbhkF4UaJr
Validation failed with error list :sockettest.sh returned 1 attempting to run against native compiled aesdsocket instance
Test of assignment assignment6 failed with rc=1
Error: Process completed with exit code 1.
